<?xml version="1.0" encoding="UTF-8"?>
<!-- Generated by org.testng.reporters.JUnitReportReporter -->
<testsuite hostname="DESKTOP-AB28KPC" failures="0" tests="1" name="restassured.reqres.getUsers" time="4.796" errors="0" timestamp="2021-03-16T00:53:57 IST" skipped="0">
  <testcase classname="restassured.reqres.getUsers" name="get_Users" time="4.796"/>
  <system-out/>
</testsuite> <!-- restassured.reqres.getUsers -->
