<?xml version="1.0" encoding="UTF-8"?>
<!-- Generated by org.testng.reporters.JUnitReportReporter -->
<testsuite hostname="LAPTOP-HSQD46T4" failures="0" tests="1" name="restassured.reqres.getAndPost" time="3.267" errors="0" timestamp="2023-03-21T23:22:38 IST" skipped="0">
  <testcase classname="restassured.reqres.getAndPost" name="restAssuredTest" time="3.267"/>
  <system-out/>
</testsuite> <!-- restassured.reqres.getAndPost -->
