<?xml version="1.0" encoding="UTF-8"?>
<!-- Generated by org.testng.reporters.JUnitReportReporter -->
<testsuite hostname="LAPTOP-HSQD46T4" failures="0" tests="1" name="restassured.reqres.getUsers" time="3.085" errors="0" timestamp="2023-03-21T23:00:21 IST" skipped="0">
  <testcase classname="restassured.reqres.getUsers" name="get_Users" time="3.085"/>
  <system-out/>
</testsuite> <!-- restassured.reqres.getUsers -->
