<?xml version="1.0" encoding="UTF-8"?>
<!-- Generated by org.testng.reporters.JUnitReportReporter -->
<testsuite hostname="DESKTOP-AB28KPC" failures="0" tests="1" name="restassured.reqres.userget" time="6.009" errors="0" timestamp="2021-03-15T01:08:01 IST" skipped="0">
  <testcase classname="restassured.reqres.userget" name="rest_user" time="6.009"/>
  <system-out/>
</testsuite> <!-- restassured.reqres.userget -->
