<?xml version="1.0" encoding="UTF-8"?>
<!-- Generated by org.testng.reporters.JUnitReportReporter -->
<testsuite hostname="DESKTOP-AB28KPC" failures="0" tests="1" name="restassured.reqres.JSON_localPatch" time="3.615" errors="0" timestamp="2021-03-17T01:42:01 IST" skipped="0">
  <testcase classname="restassured.reqres.JSON_localPatch" name="jsonPatchtest" time="3.615"/>
  <system-out/>
</testsuite> <!-- restassured.reqres.JSON_localPatch -->
