<?xml version="1.0" encoding="UTF-8"?>
<!-- Generated by org.testng.reporters.JUnitReportReporter -->
<testsuite hostname="LAPTOP-HSQD46T4" failures="0" tests="1" name="restAssuredYT.restAssureBasics.JSONPathIntro" time="1.880" errors="0" timestamp="2023-12-24T23:45:02 IST" skipped="0">
  <testcase classname="restAssuredYT.restAssureBasics.JSONPathIntro" name="testJSONPathTest" time="1.880"/>
  <system-out/>
</testsuite> <!-- restAssuredYT.restAssureBasics.JSONPathIntro -->
