<?xml version="1.0" encoding="UTF-8"?>
<!-- Generated by org.testng.reporters.JUnitReportReporter -->
<testsuite hostname="LAPTOP-HSQD46T4" failures="0" tests="1" name="restAssuredYT.restAssureBasics.extractResponseString" time="4.178" errors="0" timestamp="2023-12-24T02:14:56 IST" skipped="0">
  <testcase classname="restAssuredYT.restAssureBasics.extractResponseString" name="extractResponseStringTest" time="4.178"/>
  <system-out/>
</testsuite> <!-- restAssuredYT.restAssureBasics.extractResponseString -->
