<?xml version="1.0" encoding="UTF-8"?>
<!-- Generated by org.testng.reporters.JUnitReportReporter -->
<testsuite hostname="raBi" failures="0" tests="1" name="restAssuredYT.restAssureBasics.trmsEmployeeDetails" time="0.017" errors="0" timestamp="2024-02-25T21:41:27 IST" skipped="0">
  <testcase classname="restAssuredYT.restAssureBasics.trmsEmployeeDetails" name="trmsEmplyeeData" time="0.017"/>
  <system-out/>
</testsuite> <!-- restAssuredYT.restAssureBasics.trmsEmployeeDetails -->
