<?xml version="1.0" encoding="UTF-8"?>
<!-- Generated by org.testng.reporters.JUnitReportReporter -->
<testsuite hostname="LAPTOP-HSQD46T4" failures="0" tests="1" name="restAssuredYT.restAssureBasics.deleteBookings" time="3.664" errors="0" timestamp="2023-12-28T11:27:26 IST" skipped="0">
  <testcase classname="restAssuredYT.restAssureBasics.deleteBookings" name="deleteBookingTest" time="3.664"/>
  <system-out/>
</testsuite> <!-- restAssuredYT.restAssureBasics.deleteBookings -->
