<?xml version="1.0" encoding="UTF-8"?>
<!-- Generated by org.testng.reporters.JUnitReportReporter -->
<testsuite hostname="LAPTOP-HSQD46T4" failures="0" tests="2" name="restAssuredYT.restAssureBasics.requestSpecificationBooking" time="9.236" errors="0" timestamp="2023-12-24T18:52:00 IST" skipped="0">
  <testcase classname="restAssuredYT.restAssureBasics.requestSpecificationBooking" name="requestSpecificationCreateBooking" time="5.146"/>
  <system-out/>
  <testcase classname="restAssuredYT.restAssureBasics.requestSpecificationBooking" name="requestSpecificationUpdateBooking" time="4.090"/>
  <system-out/>
</testsuite> <!-- restAssuredYT.restAssureBasics.requestSpecificationBooking -->
