<?xml version="1.0" encoding="UTF-8"?>
<!-- Generated by org.testng.reporters.JUnitReportReporter -->
<testsuite hostname="raBi" failures="0" tests="1" name="restAssuredYT.restAssureBasics.basicAuthTest" time="3.250" errors="0" timestamp="2024-02-25T22:59:13 IST" skipped="0">
  <testcase classname="restAssuredYT.restAssureBasics.basicAuthTest" name="basicAuthTestDemo" time="3.250"/>
  <system-out/>
</testsuite> <!-- restAssuredYT.restAssureBasics.basicAuthTest -->
