<?xml version="1.0" encoding="UTF-8"?>
<!-- Generated by org.testng.reporters.JUnitReportReporter -->
<testsuite hostname="raBi" failures="0" tests="1" name="restAssuredYT.restAssureBasics.testBearerToken" time="4.827" errors="0" timestamp="2024-02-26T21:11:55 IST" skipped="0">
  <testcase classname="restAssuredYT.restAssureBasics.testBearerToken" name="testBearerToke" time="4.827"/>
  <system-out/>
</testsuite> <!-- restAssuredYT.restAssureBasics.testBearerToken -->
