<?xml version="1.0" encoding="UTF-8"?>
<!-- Generated by org.testng.reporters.JUnitReportReporter -->
<testsuite hostname="LAPTOP-HSQD46T4" failures="0" tests="1" name="restAssuredYT.restAssureBasics.createBooking" time="6.412" errors="0" timestamp="2023-08-15T17:48:31 IST" skipped="0">
  <testcase classname="restAssuredYT.restAssureBasics.createBooking" name="createBookingRestfulBookers" time="6.412"/>
  <system-out/>
</testsuite> <!-- restAssuredYT.restAssureBasics.createBooking -->
