<?xml version="1.0" encoding="UTF-8"?>
<!-- Generated by org.testng.reporters.JUnitReportReporter -->
<testsuite hostname="LAPTOP-HSQD46T4" failures="0" tests="1" name="restAssuredYT.restAssureBasics.createBookingBDD" time="4.143" errors="0" timestamp="2023-08-15T20:11:00 IST" skipped="0">
  <testcase classname="restAssuredYT.restAssureBasics.createBookingBDD" name="createBookingBDDTest" time="4.143"/>
  <system-out/>
</testsuite> <!-- restAssuredYT.restAssureBasics.createBookingBDD -->
