<?xml version="1.0" encoding="UTF-8"?>
<!-- Generated by org.testng.reporters.JUnitReportReporter -->
<testsuite hostname="LAPTOP-HSQD46T4" failures="0" tests="1" name="restAssuredYT.restAssureBasics.getBookingsGET" time="4.544" errors="0" timestamp="2023-12-24T00:37:21 IST" skipped="0">
  <testcase classname="restAssuredYT.restAssureBasics.getBookingsGET" name="getBookingsGETTest" time="4.544"/>
  <system-out/>
</testsuite> <!-- restAssuredYT.restAssureBasics.getBookingsGET -->
