<?xml version="1.0" encoding="UTF-8"?>
<!-- Generated by org.testng.reporters.JUnitReportReporter -->
<testsuite hostname="LAPTOP-HSQD46T4" failures="0" tests="1" name="restAssuredYT.restAssureBasics.patchBookings" time="3.608" errors="0" timestamp="2023-12-24T01:23:10 IST" skipped="0">
  <testcase classname="restAssuredYT.restAssureBasics.patchBookings" name="pathBookingTest" time="3.608"/>
  <system-out/>
</testsuite> <!-- restAssuredYT.restAssureBasics.patchBookings -->
