<?xml version="1.0" encoding="UTF-8"?>
<!-- Generated by org.testng.reporters.JUnitReportReporter -->
<testsuite hostname="raBi" failures="0" tests="1" name="restAssuredYT.restAssureBasics.testBearerToken" time="5.431" errors="0" timestamp="2024-02-25T23:34:49 IST" skipped="0">
  <testcase classname="restAssuredYT.restAssureBasics.testBearerToken" name="testBearerToke" time="5.431"/>
  <system-out/>
</testsuite> <!-- restAssuredYT.restAssureBasics.testBearerToken -->
