<?xml version="1.0" encoding="UTF-8"?>
<!-- Generated by org.testng.reporters.JUnitReportReporter -->
<testsuite hostname="LAPTOP-HSQD46T4" failures="0" tests="1" name="restAssuredYT.restAssureBasics.assertionTiming" time="4.717" errors="0" timestamp="2023-12-24T21:18:24 IST" skipped="0">
  <testcase classname="restAssuredYT.restAssureBasics.assertionTiming" name="assertionTimingTest" time="4.717"/>
  <system-out/>
</testsuite> <!-- restAssuredYT.restAssureBasics.assertionTiming -->
