<?xml version="1.0" encoding="UTF-8"?>
<!-- Generated by org.testng.reporters.JUnitReportReporter -->
<testsuite hostname="raBi" failures="0" tests="1" name="restAssuredYT.restAssureBasics.getBookingsGET" time="4.131" errors="0" timestamp="2024-02-25T21:46:17 IST" skipped="0">
  <testcase classname="restAssuredYT.restAssureBasics.getBookingsGET" name="getBookingsGETTest" time="4.131"/>
  <system-out/>
</testsuite> <!-- restAssuredYT.restAssureBasics.getBookingsGET -->
