<?xml version="1.0" encoding="UTF-8"?>
<!-- Generated by org.testng.reporters.JUnitReportReporter -->
<testsuite hostname="raBi" failures="0" tests="1" name="restAssuredYT.restAssureBasics.assertionTiming" time="4.945" errors="0" timestamp="2024-02-25T21:13:00 IST" skipped="0">
  <testcase classname="restAssuredYT.restAssureBasics.assertionTiming" name="assertionTimingTest" time="4.945"/>
  <system-out/>
</testsuite> <!-- restAssuredYT.restAssureBasics.assertionTiming -->
