<?xml version="1.0" encoding="UTF-8"?>
<!-- Generated by org.testng.reporters.JUnitReportReporter -->
<testsuite hostname="raBi" failures="0" tests="1" name="restAssuredYT.restAssureBasics.assertionTiming" time="3.709" errors="0" timestamp="2024-03-04T20:39:23 IST" skipped="0">
  <testcase classname="restAssuredYT.restAssureBasics.assertionTiming" name="assertionTimingTest" time="3.709"/>
  <system-out/>
</testsuite> <!-- restAssuredYT.restAssureBasics.assertionTiming -->
