<?xml version="1.0" encoding="UTF-8"?>
<!-- Generated by org.testng.reporters.JUnitReportReporter -->
<testsuite hostname="LAPTOP-HSQD46T4" failures="0" tests="1" name="restAssuredYT.restAssureBasics.pathParameterAPI" time="3.424" errors="0" timestamp="2023-12-24T00:58:31 IST" skipped="0">
  <testcase classname="restAssuredYT.restAssureBasics.pathParameterAPI" name="pathParameterAPITest" time="3.424"/>
  <system-out/>
</testsuite> <!-- restAssuredYT.restAssureBasics.pathParameterAPI -->
