<?xml version="1.0" encoding="UTF-8"?>
<!-- Generated by org.testng.reporters.JUnitReportReporter -->
<testsuite hostname="LAPTOP-HSQD46T4" failures="0" tests="1" name="restAssuredYT.restAssureBasics.putBookings" time="3.291" errors="0" timestamp="2023-12-24T01:16:16 IST" skipped="0">
  <testcase classname="restAssuredYT.restAssureBasics.putBookings" name="putBookingTest" time="3.291"/>
  <system-out/>
</testsuite> <!-- restAssuredYT.restAssureBasics.putBookings -->
