<?xml version="1.0" encoding="UTF-8"?>
<!-- Generated by org.testng.reporters.JUnitReportReporter -->
<testsuite hostname="raBi" failures="0" tests="1" name="restAssuredYT.restAssureBasics.JSONPathIntro" time="1.281" errors="0" timestamp="2024-03-04T20:39:08 IST" skipped="0">
  <testcase classname="restAssuredYT.restAssureBasics.JSONPathIntro" name="testJSONPathTest" time="1.281"/>
  <system-out/>
</testsuite> <!-- restAssuredYT.restAssureBasics.JSONPathIntro -->
