<?xml version="1.0" encoding="UTF-8"?>
<!-- Generated by org.testng.reporters.JUnitReportReporter -->
<testsuite hostname="raBi" failures="0" tests="1" name="restAssuredYT.restAssureBasics.postBookingsTest" time="4.024" errors="0" timestamp="2024-02-25T21:44:32 IST" skipped="0">
  <testcase classname="restAssuredYT.restAssureBasics.postBookingsTest" name="postBookingMethod" time="4.024"/>
  <system-out/>
</testsuite> <!-- restAssuredYT.restAssureBasics.postBookingsTest -->
