<?xml version="1.0" encoding="UTF-8"?>
<!-- Generated by org.testng.reporters.JUnitReportReporter -->
<testsuite hostname="DESKTOP-AB28KPC" failures="0" tests="1" name="restassured_addbooks.dataDriven_addplace" time="5.525" errors="0" timestamp="2021-03-19T01:54:51 IST" skipped="0">
  <testcase classname="restassured_addbooks.dataDriven_addplace" name="addplace" time="5.525"/>
  <system-out/>
</testsuite> <!-- restassured_addbooks.dataDriven_addplace -->
