<?xml version="1.0" encoding="UTF-8"?>
<!-- Generated by org.testng.reporters.JUnitReportReporter -->
<testsuite hostname="DESKTOP-AB28KPC" failures="0" tests="1" name="POJO_classes.pojo_rereqs" time="7.253" errors="0" timestamp="2021-04-02T01:41:04 IST" skipped="0">
  <testcase classname="POJO_classes.pojo_rereqs" name="rereqs_getUsers" time="7.253"/>
  <system-out/>
</testsuite> <!-- POJO_classes.pojo_rereqs -->
