<?xml version="1.0" encoding="UTF-8"?>
<!-- Generated by org.testng.reporters.JUnitReportReporter -->
<testsuite hostname="LAPTOP-HSQD46T4" failures="0" tests="1" name="twilio_otp_verification.otp_verification" time="24.442" errors="1" timestamp="2021-05-31T01:33:50 IST" skipped="0">
  <testcase classname="twilio_otp_verification.otp_verification" name="amazonOTP_handle" time="24.442">
    <error message="&#039;void org.apache.http.impl.client.DefaultRedirectStrategy.&lt;init&gt;(java.lang.String[])&#039;" type="java.lang.NoSuchMethodError">
      <![CDATA[java.lang.NoSuchMethodError: 'void org.apache.http.impl.client.DefaultRedirectStrategy.<init>(java.lang.String[])'
at com.twilio.http.HttpClient.<init>(HttpClient.java:19)
at com.twilio.http.NetworkHttpClient.<init>(NetworkHttpClient.java:46)
at com.twilio.http.NetworkHttpClient.<init>(NetworkHttpClient.java:35)
at com.twilio.http.TwilioRestClient$Builder.build(TwilioRestClient.java:141)
at com.twilio.Twilio.buildRestClient(Twilio.java:188)
at com.twilio.Twilio.getRestClient(Twilio.java:164)
at com.twilio.base.Reader.read(Reader.java:24)
at twilio_otp_verification.otp_verification.getMessages(otp_verification.java:76)
at twilio_otp_verification.otp_verification.getMessage(otp_verification.java:69)
at twilio_otp_verification.otp_verification.amazonOTP_handle(otp_verification.java:56)
at java.base/jdk.internal.reflect.NativeMethodAccessorImpl.invoke0(Native Method)
at java.base/jdk.internal.reflect.NativeMethodAccessorImpl.invoke(NativeMethodAccessorImpl.java:64)
at java.base/jdk.internal.reflect.DelegatingMethodAccessorImpl.invoke(DelegatingMethodAccessorImpl.java:43)
at java.base/java.lang.reflect.Method.invoke(Method.java:564)
at org.testng.internal.MethodInvocationHelper.invokeMethod(MethodInvocationHelper.java:133)
at org.testng.internal.TestInvoker.invokeMethod(TestInvoker.java:598)
at org.testng.internal.TestInvoker.invokeTestMethod(TestInvoker.java:173)
at org.testng.internal.MethodRunner.runInSequence(MethodRunner.java:46)
at org.testng.internal.TestInvoker$MethodInvocationAgent.invoke(TestInvoker.java:824)
at org.testng.internal.TestInvoker.invokeTestMethods(TestInvoker.java:146)
at org.testng.internal.TestMethodWorker.invokeTestMethods(TestMethodWorker.java:146)
at org.testng.internal.TestMethodWorker.run(TestMethodWorker.java:128)
at java.base/java.util.ArrayList.forEach(ArrayList.java:1511)
at org.testng.TestRunner.privateRun(TestRunner.java:794)
at org.testng.TestRunner.run(TestRunner.java:596)
at org.testng.SuiteRunner.runTest(SuiteRunner.java:377)
at org.testng.SuiteRunner.runSequentially(SuiteRunner.java:371)
at org.testng.SuiteRunner.privateRun(SuiteRunner.java:332)
at org.testng.SuiteRunner.run(SuiteRunner.java:276)
at org.testng.SuiteRunnerWorker.runSuite(SuiteRunnerWorker.java:53)
at org.testng.SuiteRunnerWorker.run(SuiteRunnerWorker.java:96)
at org.testng.TestNG.runSuitesSequentially(TestNG.java:1212)
at org.testng.TestNG.runSuitesLocally(TestNG.java:1134)
at org.testng.TestNG.runSuites(TestNG.java:1063)
at org.testng.TestNG.run(TestNG.java:1031)
at org.testng.remote.AbstractRemoteTestNG.run(AbstractRemoteTestNG.java:115)
at org.testng.remote.RemoteTestNG.initAndRun(RemoteTestNG.java:251)
at org.testng.remote.RemoteTestNG.main(RemoteTestNG.java:77)
]]>
    </error>
  </testcase> <!-- amazonOTP_handle -->
  <system-out/>
</testsuite> <!-- twilio_otp_verification.otp_verification -->
