<?xml version="1.0" encoding="UTF-8"?>
<!-- Generated by org.testng.reporters.JUnitReportReporter -->
<testsuite hostname="DESKTOP-AB28KPC" failures="0" tests="3" name="restassured_addbooks.addBooks" time="5.358" errors="0" timestamp="2021-03-20T12:41:21 IST" skipped="0">
  <testcase classname="restassured_addbooks.addBooks" name="addbooks_post" time="0.396"/>
  <system-out/>
  <testcase classname="restassured_addbooks.addBooks" name="addbooks_post" time="0.363"/>
  <system-out/>
  <testcase classname="restassured_addbooks.addBooks" name="addbooks_post" time="4.599"/>
  <system-out/>
</testsuite> <!-- restassured_addbooks.addBooks -->
