<?xml version="1.0" encoding="UTF-8"?>
<!-- Generated by org.testng.reporters.JUnitReportReporter -->
<testsuite hostname="DESKTOP-AB28KPC" failures="0" tests="1" name="Jira_API.createIssue" time="5.618" errors="0" timestamp="2021-03-23T01:01:21 IST" skipped="0">
  <testcase classname="Jira_API.createIssue" name="createissue" time="5.618"/>
  <system-out/>
</testsuite> <!-- Jira_API.createIssue -->
