<?xml version="1.0" encoding="UTF-8"?>
<!-- Generated by org.testng.reporters.JUnitReportReporter -->
<testsuite hostname="DESKTOP-AB28KPC" failures="0" tests="3" name="restassured_addbooks.addBooks" time="6.644" errors="0" timestamp="2021-03-19T01:36:55 IST" skipped="0">
  <testcase classname="restassured_addbooks.addBooks" name="addbooks_post" time="5.968"/>
  <system-out/>
  <testcase classname="restassured_addbooks.addBooks" name="addbooks_post" time="0.324"/>
  <system-out/>
  <testcase classname="restassured_addbooks.addBooks" name="addbooks_post" time="0.352"/>
  <system-out/>
</testsuite> <!-- restassured_addbooks.addBooks -->
